<?xml version="1.0" encoding="UTF-8"?>
<beans xmlns="http://www.springframework.org/schema/beans" xmlns:xsi="http://www.w3.org/2001/XMLSchema-instance"
    xsi:schemaLocation="http://www.springframework.org/schema/beans http://www.springframework.org/schema/beans/spring-beans-4.1.xsd">

    <bean id="muleContextManager" class="com.armedia.acm.muletools.mulecontextmanager.MuleContextManager" destroy-method="shutdownBean">
        <property name="specificConfigFiles">
            <list>
                <value>/flows/MuleCmisConnectorFlow.xml</value>
                <value>/flows/addFileFlow.xml</value>
                <value>/flows/addNewFolderFlow.xml</value>
                <value>/flows/getFolderFlow.xml</value>
                <value>/flows/moveFolderFlow.xml</value>
                <value>/flows/copyFileFlow.xml</value>
                <value>/flows/createFolderFlow.xml</value>
                <value>/flows/caseFileTestFlow.xml</value>
            </list>
        </property>
    </bean>

    <bean id="configList" class="java.util.ArrayList">
        <constructor-arg>
            <list/>
        </constructor-arg>
    </bean>

    <bean id="acmActivitiEventListener" class="com.armedia.acm.plugins.casefile.service.TestActivitiEventListener"/>

    <bean id="acmActivitiEntityEventListener" class="com.armedia.acm.plugins.casefile.service.TestActivitiEntityEventListener"/>

</beans>